
		
[Windows 95 Params]
	WndTitle    = ROS Installation
	WndMess     = Initializing Setup...
	TmpDirSize  = 500
	TmpDirName  = ~msstfqf.t
	CmdLine     = acmsetup /T setup.stf 
	DrvWinClass = Stuff-Shell
	Require31   = This program requires either Windows 95 or Windows NT 3.51 or higher.
	DrvModName = ACMSETUP
	CabinetFile = SETUP1.CAB

[Windows 95 Files]
	acmsetup.exe = acmsetup.exe
	acmsetup.hlp = acmsetup.hlp
	mssetup.dll = mssetup.dll
	msvcrt40.dll = msvcrt40.dll
	msvcrt.dll = msvcrt.dll
	odbcstf.dll = odbcstf.dll
	odbckey.inf = odbckey.inf
	odbccp32.dll = odbccp32.dll
	odbcint.dll = odbcint.dll
	setup.stf = setup.stf
	setup.inf = setup.inf
	wizset32.dll = wizset32.dll

[NT3.51 Intel Params]
	WndTitle    = ROS Installation
	WndMess     = Initializing Setup...
	TmpDirSize  = 500
	TmpDirName  = ~msstfqf.t
	CmdLine     = acmsetup /T setup.stf 
	DrvWinClass = Stuff-Shell
	Require31   = This program requires either Windows 95 or Windows NT 3.51 or higher.
	DrvModName  = ACMSETUP
	CabinetFile = SETUP1.CAB

[NT3.51 Intel Files]
	acmsetup.exe = acmsetup.exe
	acmsetup.hlp = acmsetup.hlp
	mssetup.dll = mssetup.dll
	msvcrt40.dll = msvcrt40.dll
	msvcrt.dll = msvcrt.dll
	odbcstf.dll = odbcstf.dll
	odbckey.inf = odbckey.inf
	odbccp32.dll = odbccp32.dll
	odbcint.dll = odbcint.dll
	setup.stf = setup.stf
	setup.inf = setup.inf
	wizset32.dll = wizset32.dll
